<?xml version="1.0" encoding="UTF-8"?>
<testsuite name="com.example.ShoppingCartTest" tests="1" skipped="0" failures="0" errors="0" timestamp="2025-03-15T13:41:06" hostname="DESKTOP-2BTJLBE" time="0.019">
  <properties/>
  <testcase name="testAddInvalidQuantityProductToCart()" classname="com.example.ShoppingCartTest" time="0.019"/>
  <system-out><![CDATA[]]></system-out>
  <system-err><![CDATA[]]></system-err>
</testsuite>
